[19-Jul-2025 20:15:46 UTC] PHP Warning:  wp_update_plugins(): An unexpected error occurred. Something may be wrong with WordPress.org or this server&#8217;s configuration. If you continue to have problems, please try the <a href="https://wordpress.org/support/forums/">support forums</a>. (WordPress could not establish a secure connection to WordPress.org. Please contact your server administrator.) in /wordpress/wp-includes/functions.php on line 135
[19-Jul-2025 20:15:46 UTC] PHP Warning:  wp_update_themes(): An unexpected error occurred. Something may be wrong with WordPress.org or this server&#8217;s configuration. If you continue to have problems, please try the <a href="https://wordpress.org/support/forums/">support forums</a>. (WordPress could not establish a secure connection to WordPress.org. Please contact your server administrator.) in /wordpress/wp-includes/functions.php on line 135
[19-Jul-2025 20:15:46 UTC] PHP Warning:  wp_version_check(): An unexpected error occurred. Something may be wrong with WordPress.org or this server&#8217;s configuration. If you continue to have problems, please try the <a href="https://wordpress.org/support/forums/">support forums</a>. (WordPress could not establish a secure connection to WordPress.org. Please contact your server administrator.) in /wordpress/wp-includes/functions.php on line 135
[19-Jul-2025 20:16:01 UTC] PHP Deprecated:  Automatic conversion of false to array is deprecated in /wordpress/wp-content/plugins/uixpress/uixpress.php on line 17
[19-Jul-2025 20:16:04 UTC] PHP Warning:  Undefined array key "type" in /wordpress/wp-includes/rest-api.php on line 5
[19-Jul-2025 20:16:05 UTC] PHP Warning:  Undefined array key "type" in /wordpress/wp-includes/rest-api.php on line 5
[19-Jul-2025 20:16:06 UTC] PHP Warning:  Undefined array key "type" in /wordpress/wp-includes/rest-api.php on line 5
[19-Jul-2025 20:16:12 UTC] PHP Warning:  Undefined array key "type" in /wordpress/wp-includes/rest-api.php on line 5
[19-Jul-2025 20:16:12 UTC] PHP Warning:  Undefined array key "type" in /wordpress/wp-includes/rest-api.php on line 5
[19-Jul-2025 20:16:13 UTC] PHP Warning:  Undefined array key "type" in /wordpress/wp-includes/rest-api.php on line 5
[19-Jul-2025 20:16:13 UTC] PHP Warning:  Undefined array key "type" in /wordpress/wp-includes/rest-api.php on line 5
[19-Jul-2025 20:16:14 UTC] PHP Warning:  Undefined array key "type" in /wordpress/wp-includes/rest-api.php on line 5
[19-Jul-2025 20:16:27 UTC] PHP Warning:  Undefined array key "type" in /wordpress/wp-includes/rest-api.php on line 5
[19-Jul-2025 20:16:29 UTC] PHP Warning:  Undefined array key "type" in /wordpress/wp-includes/rest-api.php on line 5
[19-Jul-2025 20:16:30 UTC] PHP Warning:  Undefined array key "type" in /wordpress/wp-includes/rest-api.php on line 5
[19-Jul-2025 20:16:30 UTC] PHP Warning:  Undefined array key "type" in /wordpress/wp-includes/rest-api.php on line 5
[19-Jul-2025 20:16:44 UTC] PHP Warning:  Undefined array key "type" in /wordpress/wp-includes/rest-api.php on line 5
[19-Jul-2025 20:16:50 UTC] PHP Warning:  Undefined array key "type" in /wordpress/wp-includes/rest-api.php on line 5
[19-Jul-2025 20:16:51 UTC] PHP Warning:  Undefined array key "type" in /wordpress/wp-includes/rest-api.php on line 5
[19-Jul-2025 20:16:51 UTC] PHP Warning:  Undefined array key "type" in /wordpress/wp-includes/rest-api.php on line 5
[19-Jul-2025 20:16:51 UTC] PHP Warning:  Undefined array key "type" in /wordpress/wp-includes/rest-api.php on line 5
[19-Jul-2025 20:16:52 UTC] PHP Warning:  Undefined array key "type" in /wordpress/wp-includes/rest-api.php on line 5
[19-Jul-2025 20:16:52 UTC] PHP Warning:  Undefined array key "type" in /wordpress/wp-includes/rest-api.php on line 5
[19-Jul-2025 20:16:52 UTC] PHP Warning:  Undefined array key "type" in /wordpress/wp-includes/rest-api.php on line 5
[19-Jul-2025 20:16:57 UTC] PHP Warning:  Undefined array key "type" in /wordpress/wp-includes/rest-api.php on line 5
[19-Jul-2025 20:16:57 UTC] PHP Warning:  Undefined array key "type" in /wordpress/wp-includes/rest-api.php on line 5
[19-Jul-2025 20:16:58 UTC] PHP Warning:  Undefined array key "type" in /wordpress/wp-includes/rest-api.php on line 5
[19-Jul-2025 20:16:58 UTC] PHP Warning:  Undefined array key "type" in /wordpress/wp-includes/rest-api.php on line 5
[19-Jul-2025 20:16:59 UTC] PHP Warning:  Undefined array key "type" in /wordpress/wp-includes/rest-api.php on line 5
[19-Jul-2025 20:17:08 UTC] PHP Warning:  Undefined array key "type" in /wordpress/wp-includes/rest-api.php on line 5
[19-Jul-2025 20:17:08 UTC] PHP Warning:  Array to string conversion in /wordpress/wp-includes/rest-api/fields/class-wp-rest-meta-fields.php on line 3
[19-Jul-2025 20:17:11 UTC] PHP Warning:  Undefined array key "type" in /wordpress/wp-includes/rest-api.php on line 5
[19-Jul-2025 20:17:11 UTC] PHP Warning:  Undefined array key "type" in /wordpress/wp-includes/rest-api.php on line 5
[19-Jul-2025 20:17:11 UTC] PHP Warning:  Undefined array key "type" in /wordpress/wp-includes/rest-api.php on line 5
[19-Jul-2025 20:17:14 UTC] PHP Warning:  Undefined array key "type" in /wordpress/wp-includes/rest-api.php on line 5
[19-Jul-2025 20:17:14 UTC] PHP Warning:  Undefined array key "type" in /wordpress/wp-includes/rest-api.php on line 5
[19-Jul-2025 20:17:15 UTC] PHP Warning:  Undefined array key "type" in /wordpress/wp-includes/rest-api.php on line 5
[19-Jul-2025 20:17:39 UTC] PHP Warning:  Undefined array key "type" in /wordpress/wp-includes/rest-api.php on line 5
[19-Jul-2025 20:17:39 UTC] PHP Warning:  Array to string conversion in /wordpress/wp-includes/rest-api/fields/class-wp-rest-meta-fields.php on line 3
[19-Jul-2025 20:17:42 UTC] PHP Warning:  Undefined array key "type" in /wordpress/wp-includes/rest-api.php on line 5
[19-Jul-2025 20:17:43 UTC] PHP Warning:  Undefined array key "type" in /wordpress/wp-includes/rest-api.php on line 5
[19-Jul-2025 20:17:46 UTC] PHP Warning:  Undefined array key "type" in /wordpress/wp-includes/rest-api.php on line 5
[19-Jul-2025 20:17:58 UTC] PHP Warning:  Undefined array key "type" in /wordpress/wp-includes/rest-api.php on line 5
[19-Jul-2025 20:18:02 UTC] PHP Warning:  Undefined array key "type" in /wordpress/wp-includes/rest-api.php on line 5
[19-Jul-2025 20:18:03 UTC] PHP Warning:  Undefined array key "type" in /wordpress/wp-includes/rest-api.php on line 5
[19-Jul-2025 20:18:08 UTC] PHP Warning:  Undefined array key "type" in /wordpress/wp-includes/rest-api.php on line 5
[19-Jul-2025 20:18:11 UTC] PHP Warning:  Undefined array key "type" in /wordpress/wp-includes/rest-api.php on line 5
[19-Jul-2025 20:18:24 UTC] PHP Warning:  wp_update_plugins(): Une erreur imprévue s’est produite. Il pourrait y avoir un problème avec WordPress.org ou la configuration de ce serveur. Si vous continuez à rencontrer ce problème, veuillez vous rendre sur les <a href="https://wpfr.net/support">forums de support</a>. (WordPress n’a pas pu établir de connexion sécurisée vers WordPress.org. Veuillez contacter l’administrateur ou l’administratrice de votre serveur.) in /wordpress/wp-includes/functions.php on line 135
[19-Jul-2025 20:18:24 UTC] PHP Warning:  wp_update_themes(): Une erreur imprévue s’est produite. Il pourrait y avoir un problème avec WordPress.org ou la configuration de ce serveur. Si vous continuez à rencontrer ce problème, veuillez vous rendre sur les <a href="https://wpfr.net/support">forums de support</a>. (WordPress n’a pas pu établir de connexion sécurisée vers WordPress.org. Veuillez contacter l’administrateur ou l’administratrice de votre serveur.) in /wordpress/wp-includes/functions.php on line 135
[19-Jul-2025 20:18:24 UTC] PHP Warning:  wp_version_check(): Une erreur imprévue s’est produite. Il pourrait y avoir un problème avec WordPress.org ou la configuration de ce serveur. Si vous continuez à rencontrer ce problème, veuillez vous rendre sur les <a href="https://wpfr.net/support">forums de support</a>. (WordPress n’a pas pu établir de connexion sécurisée vers WordPress.org. Veuillez contacter l’administrateur ou l’administratrice de votre serveur.) in /wordpress/wp-includes/functions.php on line 135
[19-Jul-2025 20:18:34 UTC] PHP Warning:  wp_update_plugins(): Une erreur imprévue s’est produite. Il pourrait y avoir un problème avec WordPress.org ou la configuration de ce serveur. Si vous continuez à rencontrer ce problème, veuillez vous rendre sur les <a href="https://wpfr.net/support">forums de support</a>. (WordPress n’a pas pu établir de connexion sécurisée vers WordPress.org. Veuillez contacter l’administrateur ou l’administratrice de votre serveur.) in /wordpress/wp-includes/functions.php on line 135
[19-Jul-2025 20:18:34 UTC] PHP Warning:  wp_update_themes(): Une erreur imprévue s’est produite. Il pourrait y avoir un problème avec WordPress.org ou la configuration de ce serveur. Si vous continuez à rencontrer ce problème, veuillez vous rendre sur les <a href="https://wpfr.net/support">forums de support</a>. (WordPress n’a pas pu établir de connexion sécurisée vers WordPress.org. Veuillez contacter l’administrateur ou l’administratrice de votre serveur.) in /wordpress/wp-includes/functions.php on line 135
[19-Jul-2025 20:18:34 UTC] PHP Warning:  wp_version_check(): Une erreur imprévue s’est produite. Il pourrait y avoir un problème avec WordPress.org ou la configuration de ce serveur. Si vous continuez à rencontrer ce problème, veuillez vous rendre sur les <a href="https://wpfr.net/support">forums de support</a>. (WordPress n’a pas pu établir de connexion sécurisée vers WordPress.org. Veuillez contacter l’administrateur ou l’administratrice de votre serveur.) in /wordpress/wp-includes/functions.php on line 135
[19-Jul-2025 20:18:49 UTC] PHP Warning:  wp_update_plugins(): Une erreur imprévue s’est produite. Il pourrait y avoir un problème avec WordPress.org ou la configuration de ce serveur. Si vous continuez à rencontrer ce problème, veuillez vous rendre sur les <a href="https://wpfr.net/support">forums de support</a>. (WordPress n’a pas pu établir de connexion sécurisée vers WordPress.org. Veuillez contacter l’administrateur ou l’administratrice de votre serveur.) in /wordpress/wp-includes/functions.php on line 135
[19-Jul-2025 20:18:49 UTC] PHP Warning:  wp_update_themes(): Une erreur imprévue s’est produite. Il pourrait y avoir un problème avec WordPress.org ou la configuration de ce serveur. Si vous continuez à rencontrer ce problème, veuillez vous rendre sur les <a href="https://wpfr.net/support">forums de support</a>. (WordPress n’a pas pu établir de connexion sécurisée vers WordPress.org. Veuillez contacter l’administrateur ou l’administratrice de votre serveur.) in /wordpress/wp-includes/functions.php on line 135
[19-Jul-2025 20:18:49 UTC] PHP Warning:  wp_version_check(): Une erreur imprévue s’est produite. Il pourrait y avoir un problème avec WordPress.org ou la configuration de ce serveur. Si vous continuez à rencontrer ce problème, veuillez vous rendre sur les <a href="https://wpfr.net/support">forums de support</a>. (WordPress n’a pas pu établir de connexion sécurisée vers WordPress.org. Veuillez contacter l’administrateur ou l’administratrice de votre serveur.) in /wordpress/wp-includes/functions.php on line 135
